[INFO  - 2016-11-21T09:34:55.108Z] GhostDriver - Main - running on port 2847
[INFO  - 2016-11-21T09:34:55.290Z] Session [c2ced470-afcd-11e6-8822-233ed7522558] - page.settings - {"XSSAuditingEnabled":false,"javascriptCanCloseWindows":true,"javascriptCanOpenWindows":true,"javascriptEnabled":true,"loadImages":true,"localToRemoteUrlAccessEnabled":false,"userAgent":"Mozilla/5.0 (Unknown; Linux x86_64) AppleWebKit/538.1 (KHTML, like Gecko) PhantomJS/2.1.1 Safari/538.1","webSecurityEnabled":true}
[INFO  - 2016-11-21T09:34:55.290Z] Session [c2ced470-afcd-11e6-8822-233ed7522558] - page.customHeaders:  - {}
[INFO  - 2016-11-21T09:34:55.293Z] Session [c2ced470-afcd-11e6-8822-233ed7522558] - Session.negotiatedCapabilities - {"browserName":"phantomjs","version":"2.1.1","driverName":"ghostdriver","driverVersion":"1.2.0","platform":"linux-unknown-64bit","javascriptEnabled":true,"takesScreenshot":true,"handlesAlerts":false,"databaseEnabled":false,"locationContextEnabled":false,"applicationCacheEnabled":false,"browserConnectionEnabled":false,"cssSelectorsEnabled":true,"webStorageEnabled":false,"rotatable":false,"acceptSslCerts":false,"nativeEvents":true,"proxy":{"proxyType":"direct"}}
[INFO  - 2016-11-21T09:34:55.293Z] SessionManagerReqHand - _postNewSessionCommand - New Session Created: c2ced470-afcd-11e6-8822-233ed7522558
[ERROR - 2016-11-21T09:35:16.105Z] Session [c2ced470-afcd-11e6-8822-233ed7522558] - page.onError - msg: ReferenceError: Can't find variable: spConfig
[ERROR - 2016-11-21T09:35:16.105Z] Session [c2ced470-afcd-11e6-8822-233ed7522558] - page.onError - stack:
  (anonymous function) (undefined:28)
  responder (http://www.houseofittehad.com/js/prototype/prototype.js.pagespeed.jm.ix8Kb1Gh8H.js:519)
  dispatchEvent (:0)
  fire (http://www.houseofittehad.com/js/prototype/prototype.js.pagespeed.jm.ix8Kb1Gh8H.js:544)
  _methodized (http://www.houseofittehad.com/js/prototype/prototype.js.pagespeed.jm.ix8Kb1Gh8H.js:60)
  fireContentLoadedEvent (http://www.houseofittehad.com/js/prototype/prototype.js.pagespeed.jm.ix8Kb1Gh8H.js:548)
[ERROR - 2016-11-21T09:35:27.697Z] Session [c2ced470-afcd-11e6-8822-233ed7522558] - page.onError - msg: ReferenceError: Can't find variable: mag_ver
[ERROR - 2016-11-21T09:35:27.698Z] Session [c2ced470-afcd-11e6-8822-233ed7522558] - page.onError - stack:
  eval code (undefined:1)
  eval (:0)
  sendstat (http://www.houseofittehad.com/skin/frontend/base/default/js/onepagecheckout.js.pagespeed.jm.uEEhi_-_7h.js:54)
  onload (http://www.houseofittehad.com/skin/frontend/base/default/js/onepagecheckout.js.pagespeed.jm.uEEhi_-_7h.js:54)
[ERROR - 2016-11-21T09:35:28.432Z] Session [c2ced470-afcd-11e6-8822-233ed7522558] - page.onError - msg: ReferenceError: Can't find variable: removeSpaces
[ERROR - 2016-11-21T09:35:28.432Z] Session [c2ced470-afcd-11e6-8822-233ed7522558] - page.onError - stack:
  onblur (http://www.houseofittehad.com/pk/onepagecheckout/?___SID=U:427)
  blur (:0)
  lg (:122)
  mg (:123)
  (anonymous function) (:125)
  t (:7)
  $ (:125)
  yg (:132)
  (anonymous function) (:132)
  (anonymous function) (:132)
  (anonymous function) (:133)
[ERROR - 2016-11-21T09:35:28.616Z] Session [c2ced470-afcd-11e6-8822-233ed7522558] - page.onError - msg: ReferenceError: Can't find variable: removeSpaces
[ERROR - 2016-11-21T09:35:28.616Z] Session [c2ced470-afcd-11e6-8822-233ed7522558] - page.onError - stack:
  onblur (http://www.houseofittehad.com/pk/onepagecheckout/?___SID=U:435)
  blur (:0)
  lg (:122)
  mg (:123)
  (anonymous function) (:125)
  t (:7)
  $ (:125)
  yg (:132)
  (anonymous function) (:132)
  (anonymous function) (:132)
  (anonymous function) (:133)
[INFO  - 2016-11-21T09:35:35.873Z] ShutdownReqHand - _handle - About to shutdown
